0 info it worked if it ends with ok
1 verbose cli [ 'node', '/usr/local/bin/npm', 'install', 'fs', '--save' ]
2 info using npm@1.5.0-alpha-1
3 info using node@v0.10.29
4 verbose node symlink /usr/local/bin/node
5 verbose readDependencies using package.json deps
6 verbose cache add [ 'fs', null ]
7 verbose cache add spec="fs" args=["fs",null]
8 verbose parsed spec { raw: 'fs',
8 verbose parsed spec   scope: null,
8 verbose parsed spec   name: 'fs',
8 verbose parsed spec   rawSpec: '',
8 verbose parsed spec   spec: '*',
8 verbose parsed spec   type: 'range' }
9 verbose addNamed [ 'fs', '*' ]
10 verbose addNamed [ null, '*' ]
11 silly lockFile d8bf140d-fs fs@*
12 verbose lock fs@* /Users/pagem/.npm/d8bf140d-fs.lock
13 silly addNameRange { name: 'fs', range: '*', hasData: false }
14 verbose mapToRegistry name fs
15 verbose mapToRegistry uri https://registry.npmjs.org/fs
16 verbose request where is /fs
17 verbose request registry https://registry.npmjs.org/
18 verbose request id 8d5aa1bf787999f4
19 verbose request url raw /fs
20 verbose request url resolving [ 'https://registry.npmjs.org/', './fs' ]
21 verbose request url resolved https://registry.npmjs.org/fs
22 verbose request where is https://registry.npmjs.org/fs
23 verbose request no basic auth needed
24 info trying registry request attempt 1 at 12:41:39
25 http GET https://registry.npmjs.org/fs
26 http 404 https://registry.npmjs.org/fs
27 silly registry.get cb [ 404,
27 silly registry.get   { date: 'Fri, 04 Jul 2014 11:41:02 GMT',
27 silly registry.get     server: 'CouchDB/1.5.0 (Erlang OTP/R16B03)',
27 silly registry.get     etag: '"1OSDV99VBWRHBCJ8QK1200EE7"',
27 silly registry.get     'content-type': 'application/json',
27 silly registry.get     'cache-control': 'max-age=0',
27 silly registry.get     'content-length': '397',
27 silly registry.get     'accept-ranges': 'bytes',
27 silly registry.get     via: '1.1 varnish',
27 silly registry.get     age: '0',
27 silly registry.get     'x-served-by': 'cache-lo82-LHR',
27 silly registry.get     'x-cache': 'MISS',
27 silly registry.get     'x-cache-hits': '0',
27 silly registry.get     'x-timer': 'S1404474062.266601,VS0,VE601',
27 silly registry.get     vary: 'Accept',
27 silly registry.get     'keep-alive': 'timeout=10, max=50',
27 silly registry.get     connection: 'Keep-Alive' } ]
28 silly lockFile d8bf140d-fs fs@*
29 silly lockFile d8bf140d-fs fs@*
30 error 404 Not Found
30 error 404
30 error 404 'fs' is not in the npm registry.
30 error 404 You should bug the author to publish it
30 error 404 It was specified as a dependency of 'GeeFuTu'
30 error 404
30 error 404 Note that you can also install from a
30 error 404 tarball, folder, or http url, or git url.
31 error System Darwin 13.3.0
32 error command "node" "/usr/local/bin/npm" "install" "fs" "--save"
33 error cwd /Volumes/HD-LXU3/workspace/GeeFuTu
34 error node -v v0.10.29
35 error npm -v 1.5.0-alpha-1
36 error code E404
37 verbose exit [ 1, true ]
